<?xml version="1.0" encoding="UTF-8"?>
<!-- Generated by org.testng.reporters.JUnitReportReporter -->
<testsuite skipped="0" hostname="HSD10549" name="com.WebDevelopment.TestCases.BookingTest" tests="1" failures="0" timestamp="2020-08-12T19:45:51 IST" time="34.878" errors="0">
  <testcase name="flightBooking" time="34.878" classname="com.WebDevelopment.TestCases.BookingTest"/>
</testsuite> <!-- com.WebDevelopment.TestCases.BookingTest -->
